[2023-07-30T18:47:29.809-0400] {manager.py:487} INFO - Processing files using up to 1 processes at a time 
[2023-07-30T18:47:29.809-0400] {manager.py:488} INFO - Process each file at most once every 30 seconds
[2023-07-30T18:47:29.809-0400] {manager.py:489} INFO - Checking for new files in /Users/jazzopardi/dev/snowflake-dw/dags every 300 seconds
[2023-07-30T18:47:29.809-0400] {manager.py:758} INFO - Searching for files in /Users/jazzopardi/dev/snowflake-dw/dags
[2023-07-30T18:47:29.821-0400] {manager.py:761} INFO - There are 46 files in /Users/jazzopardi/dev/snowflake-dw/dags
[2023-07-30T18:47:30.877-0400] {manager.py:889} INFO - 
================================================================================
DAG File Processing Stats

File Path                                                                                                                              PID    Runtime      # DAGs    # Errors  Last Runtime    Last Run
-------------------------------------------------------------------------------------------------------------------------------------  -----  ---------  --------  ----------  --------------  -------------------
/Users/jazzopardi/dev/dw/lib/python3.11/site-packages/airflow/example_dags/example_latest_only.py                                                               0           0
/Users/jazzopardi/dev/dw/lib/python3.11/site-packages/airflow/example_dags/example_local_kubernetes_executor.py                                                 0           0
/Users/jazzopardi/dev/dw/lib/python3.11/site-packages/airflow/example_dags/example_task_group_decorator.py                                                      0           0
/Users/jazzopardi/dev/dw/lib/python3.11/site-packages/airflow/example_dags/example_complex.py                                                                   0           0
/Users/jazzopardi/dev/dw/lib/python3.11/site-packages/airflow/example_dags/example_python_operator.py                                                           0           0
/Users/jazzopardi/dev/dw/lib/python3.11/site-packages/airflow/example_dags/tutorial_taskflow_api_virtualenv.py                                                  0           0
/Users/jazzopardi/dev/dw/lib/python3.11/site-packages/airflow/example_dags/example_params_trigger_ui.py                                                         0           0
/Users/jazzopardi/dev/dw/lib/python3.11/site-packages/airflow/example_dags/example_external_task_marker_dag.py                                                  0           0
/Users/jazzopardi/dev/dw/lib/python3.11/site-packages/airflow/example_dags/example_bash_operator.py                                                             0           0
/Users/jazzopardi/dev/dw/lib/python3.11/site-packages/airflow/example_dags/example_short_circuit_operator.py                                                    0           0
/Users/jazzopardi/dev/dw/lib/python3.11/site-packages/airflow/example_dags/example_setup_teardown.py                                                            0           0
/Users/jazzopardi/dev/dw/lib/python3.11/site-packages/airflow/example_dags/example_branch_operator.py                                                           0           0
/Users/jazzopardi/dev/dw/lib/python3.11/site-packages/airflow/example_dags/example_branch_labels.py                                                             0           0
/Users/jazzopardi/dev/dw/lib/python3.11/site-packages/airflow/example_dags/tutorial_taskflow_api.py                                                             0           0
/Users/jazzopardi/dev/dw/lib/python3.11/site-packages/airflow/example_dags/example_task_group.py                                                                0           0
/Users/jazzopardi/dev/dw/lib/python3.11/site-packages/airflow/example_dags/tutorial.py                                                                          0           0
/Users/jazzopardi/dev/dw/lib/python3.11/site-packages/airflow/example_dags/example_sla_dag.py                                                                   0           0
/Users/jazzopardi/dev/dw/lib/python3.11/site-packages/airflow/example_dags/example_passing_params_via_test_command.py                                           0           0
/Users/jazzopardi/dev/dw/lib/python3.11/site-packages/airflow/example_dags/example_latest_only_with_trigger.py                                                  0           0
/Users/jazzopardi/dev/dw/lib/python3.11/site-packages/airflow/example_dags/example_time_delta_sensor_async.py                                                   0           0
/Users/jazzopardi/dev/dw/lib/python3.11/site-packages/airflow/example_dags/example_dag_decorator.py                                                             0           0
/Users/jazzopardi/dev/dw/lib/python3.11/site-packages/airflow/example_dags/example_xcom.py                                                                      0           0
/Users/jazzopardi/dev/dw/lib/python3.11/site-packages/airflow/example_dags/example_xcomargs.py                                                                  0           0
/Users/jazzopardi/dev/dw/lib/python3.11/site-packages/airflow/example_dags/example_branch_operator_decorator.py                                                 0           0
/Users/jazzopardi/dev/dw/lib/python3.11/site-packages/airflow/example_dags/example_branch_day_of_week_operator.py                                               0           0
/Users/jazzopardi/dev/dw/lib/python3.11/site-packages/airflow/example_dags/example_skip_dag.py                                                                  0           0
/Users/jazzopardi/dev/dw/lib/python3.11/site-packages/airflow/example_dags/example_short_circuit_decorator.py                                                   0           0
/Users/jazzopardi/dev/dw/lib/python3.11/site-packages/airflow/example_dags/example_datasets.py                                                                  0           0
/Users/jazzopardi/dev/dw/lib/python3.11/site-packages/airflow/example_dags/tutorial_dag.py                                                                      0           0
/Users/jazzopardi/dev/dw/lib/python3.11/site-packages/airflow/example_dags/example_trigger_target_dag.py                                                        0           0
/Users/jazzopardi/dev/dw/lib/python3.11/site-packages/airflow/example_dags/example_sensor_decorator.py                                                          0           0
/Users/jazzopardi/dev/dw/lib/python3.11/site-packages/airflow/example_dags/example_kubernetes_executor.py                                                       0           0
/Users/jazzopardi/dev/dw/lib/python3.11/site-packages/airflow/example_dags/example_branch_python_dop_operator_3.py                                              0           0
/Users/jazzopardi/dev/dw/lib/python3.11/site-packages/airflow/example_dags/example_sensors.py                                                                   0           0
/Users/jazzopardi/dev/dw/lib/python3.11/site-packages/airflow/example_dags/example_setup_teardown_taskflow.py                                                   0           0
/Users/jazzopardi/dev/dw/lib/python3.11/site-packages/airflow/example_dags/example_branch_datetime_operator.py                                                  0           0
/Users/jazzopardi/dev/dw/lib/python3.11/site-packages/airflow/example_dags/example_nested_branch_dag.py                                                         0           0
/Users/jazzopardi/dev/dw/lib/python3.11/site-packages/airflow/example_dags/example_subdag_operator.py                                                           0           0
/Users/jazzopardi/dev/dw/lib/python3.11/site-packages/airflow/example_dags/example_dynamic_task_mapping_with_no_taskflow_operators.py                           0           0
/Users/jazzopardi/dev/dw/lib/python3.11/site-packages/airflow/example_dags/example_trigger_controller_dag.py                                                    0           0
/Users/jazzopardi/dev/dw/lib/python3.11/site-packages/airflow/example_dags/example_params_ui_tutorial.py                                                        0           0
/Users/jazzopardi/dev/dw/lib/python3.11/site-packages/airflow/example_dags/example_dynamic_task_mapping.py                                                      0           0
/Users/jazzopardi/dev/dw/lib/python3.11/site-packages/airflow/example_dags/plugins/workday.py                                                                   0           0
/Users/jazzopardi/dev/dw/lib/python3.11/site-packages/airflow/example_dags/plugins/event_listener.py                                                            0           0
/Users/jazzopardi/dev/dw/lib/python3.11/site-packages/airflow/example_dags/plugins/listener_plugin.py                                                           0           0
/Users/jazzopardi/dev/dw/lib/python3.11/site-packages/airflow/example_dags/subdags/subdag.py                                                                    0           0  0.76s           2023-07-30T22:47:30
================================================================================
[2023-07-30T18:48:01.067-0400] {manager.py:889} INFO - 
================================================================================
DAG File Processing Stats

File Path                                                                                                                              PID    Runtime      # DAGs    # Errors  Last Runtime    Last Run
-------------------------------------------------------------------------------------------------------------------------------------  -----  ---------  --------  ----------  --------------  -------------------
/Users/jazzopardi/dev/dw/lib/python3.11/site-packages/airflow/example_dags/example_latest_only.py                                                               0           0
/Users/jazzopardi/dev/dw/lib/python3.11/site-packages/airflow/example_dags/example_local_kubernetes_executor.py                                                 0           0
/Users/jazzopardi/dev/dw/lib/python3.11/site-packages/airflow/example_dags/example_complex.py                                                                   0           0
/Users/jazzopardi/dev/dw/lib/python3.11/site-packages/airflow/example_dags/example_python_operator.py                                                           0           0
/Users/jazzopardi/dev/dw/lib/python3.11/site-packages/airflow/example_dags/tutorial_taskflow_api_virtualenv.py                                                  0           0  0.77s           2023-07-30T22:47:38
/Users/jazzopardi/dev/dw/lib/python3.11/site-packages/airflow/example_dags/example_params_trigger_ui.py                                                         0           0
/Users/jazzopardi/dev/dw/lib/python3.11/site-packages/airflow/example_dags/example_external_task_marker_dag.py                                                  0           0
/Users/jazzopardi/dev/dw/lib/python3.11/site-packages/airflow/example_dags/example_bash_operator.py                                                             0           0
/Users/jazzopardi/dev/dw/lib/python3.11/site-packages/airflow/example_dags/example_short_circuit_operator.py                                                    0           0
/Users/jazzopardi/dev/dw/lib/python3.11/site-packages/airflow/example_dags/example_setup_teardown.py                                                            0           0
/Users/jazzopardi/dev/dw/lib/python3.11/site-packages/airflow/example_dags/example_branch_operator.py                                                           0           0
/Users/jazzopardi/dev/dw/lib/python3.11/site-packages/airflow/example_dags/example_branch_labels.py                                                             0           0
/Users/jazzopardi/dev/dw/lib/python3.11/site-packages/airflow/example_dags/example_passing_params_via_test_command.py                                           0           0
/Users/jazzopardi/dev/dw/lib/python3.11/site-packages/airflow/example_dags/example_latest_only_with_trigger.py                                                  0           0
/Users/jazzopardi/dev/dw/lib/python3.11/site-packages/airflow/example_dags/example_dag_decorator.py                                                             0           0
/Users/jazzopardi/dev/dw/lib/python3.11/site-packages/airflow/example_dags/example_branch_operator_decorator.py                                                 0           0
/Users/jazzopardi/dev/dw/lib/python3.11/site-packages/airflow/example_dags/example_branch_day_of_week_operator.py                                               0           0
/Users/jazzopardi/dev/dw/lib/python3.11/site-packages/airflow/example_dags/example_short_circuit_decorator.py                                                   0           0
/Users/jazzopardi/dev/dw/lib/python3.11/site-packages/airflow/example_dags/example_datasets.py                                                                  0           0
/Users/jazzopardi/dev/dw/lib/python3.11/site-packages/airflow/example_dags/example_sensor_decorator.py                                                          0           0
/Users/jazzopardi/dev/dw/lib/python3.11/site-packages/airflow/example_dags/example_kubernetes_executor.py                                                       0           0
/Users/jazzopardi/dev/dw/lib/python3.11/site-packages/airflow/example_dags/example_branch_python_dop_operator_3.py                                              0           0
/Users/jazzopardi/dev/dw/lib/python3.11/site-packages/airflow/example_dags/example_sensors.py                                                                   0           0
/Users/jazzopardi/dev/dw/lib/python3.11/site-packages/airflow/example_dags/example_setup_teardown_taskflow.py                                                   0           0
/Users/jazzopardi/dev/dw/lib/python3.11/site-packages/airflow/example_dags/example_branch_datetime_operator.py                                                  0           0
/Users/jazzopardi/dev/dw/lib/python3.11/site-packages/airflow/example_dags/example_nested_branch_dag.py                                                         0           0
/Users/jazzopardi/dev/dw/lib/python3.11/site-packages/airflow/example_dags/example_dynamic_task_mapping_with_no_taskflow_operators.py                           0           0
/Users/jazzopardi/dev/dw/lib/python3.11/site-packages/airflow/example_dags/example_params_ui_tutorial.py                                                        0           0
/Users/jazzopardi/dev/dw/lib/python3.11/site-packages/airflow/example_dags/example_dynamic_task_mapping.py                                                      0           0
/Users/jazzopardi/dev/dw/lib/python3.11/site-packages/airflow/example_dags/plugins/workday.py                                                                   0           0  1.20s           2023-07-30T22:47:33
/Users/jazzopardi/dev/dw/lib/python3.11/site-packages/airflow/example_dags/plugins/event_listener.py                                                            0           0  0.77s           2023-07-30T22:47:36
/Users/jazzopardi/dev/dw/lib/python3.11/site-packages/airflow/example_dags/plugins/listener_plugin.py                                                           0           0  0.81s           2023-07-30T22:47:34
/Users/jazzopardi/dev/dw/lib/python3.11/site-packages/airflow/example_dags/subdags/subdag.py                                                                    0           0  0.76s           2023-07-30T22:47:30
/Users/jazzopardi/dev/dw/lib/python3.11/site-packages/airflow/example_dags/example_task_group_decorator.py                                                      1           0  0.96s           2023-07-30T22:47:54
/Users/jazzopardi/dev/dw/lib/python3.11/site-packages/airflow/example_dags/tutorial_taskflow_api.py                                                             1           0  0.89s           2023-07-30T22:47:40
/Users/jazzopardi/dev/dw/lib/python3.11/site-packages/airflow/example_dags/example_task_group.py                                                                1           0  1.31s           2023-07-30T22:47:56
/Users/jazzopardi/dev/dw/lib/python3.11/site-packages/airflow/example_dags/tutorial.py                                                                          1           0  0.90s           2023-07-30T22:47:44
/Users/jazzopardi/dev/dw/lib/python3.11/site-packages/airflow/example_dags/example_sla_dag.py                                                                   1           0  0.89s           2023-07-30T22:48:00
/Users/jazzopardi/dev/dw/lib/python3.11/site-packages/airflow/example_dags/example_time_delta_sensor_async.py                                                   1           0  1.02s           2023-07-30T22:47:52
/Users/jazzopardi/dev/dw/lib/python3.11/site-packages/airflow/example_dags/example_xcom.py                                                                      1           0  0.83s           2023-07-30T22:47:46
/Users/jazzopardi/dev/dw/lib/python3.11/site-packages/airflow/example_dags/example_skip_dag.py                                                                  1           0  0.86s           2023-07-30T22:48:01
/Users/jazzopardi/dev/dw/lib/python3.11/site-packages/airflow/example_dags/tutorial_dag.py                                                                      1           0  0.88s           2023-07-30T22:47:42
/Users/jazzopardi/dev/dw/lib/python3.11/site-packages/airflow/example_dags/example_trigger_target_dag.py                                                        1           0  1.00s           2023-07-30T22:47:48
/Users/jazzopardi/dev/dw/lib/python3.11/site-packages/airflow/example_dags/example_trigger_controller_dag.py                                                    1           0  1.13s           2023-07-30T22:47:50
/Users/jazzopardi/dev/dw/lib/python3.11/site-packages/airflow/example_dags/example_xcomargs.py                                                                  2           0  0.88s           2023-07-30T22:47:45
/Users/jazzopardi/dev/dw/lib/python3.11/site-packages/airflow/example_dags/example_subdag_operator.py                                                           3           0  0.92s           2023-07-30T22:47:58
================================================================================
[2023-07-30T18:48:23.204-0400] {manager.py:470} INFO - Exiting gracefully upon receiving signal 15
[2023-07-30T18:49:50.791-0400] {manager.py:487} INFO - Processing files using up to 1 processes at a time 
[2023-07-30T18:49:50.791-0400] {manager.py:488} INFO - Process each file at most once every 30 seconds
[2023-07-30T18:49:50.792-0400] {manager.py:489} INFO - Checking for new files in /Users/jazzopardi/dev/snowflake-dw/dags every 300 seconds
[2023-07-30T18:49:50.792-0400] {manager.py:758} INFO - Searching for files in /Users/jazzopardi/dev/snowflake-dw/dags
[2023-07-30T18:49:50.797-0400] {manager.py:761} INFO - There are 46 files in /Users/jazzopardi/dev/snowflake-dw/dags
[2023-07-30T18:49:51.875-0400] {manager.py:889} INFO - 
================================================================================
DAG File Processing Stats

File Path                                                                                                                              PID    Runtime      # DAGs    # Errors  Last Runtime    Last Run
-------------------------------------------------------------------------------------------------------------------------------------  -----  ---------  --------  ----------  --------------  -------------------
/Users/jazzopardi/dev/dw/lib/python3.11/site-packages/airflow/example_dags/example_latest_only.py                                                               0           0
/Users/jazzopardi/dev/dw/lib/python3.11/site-packages/airflow/example_dags/example_local_kubernetes_executor.py                                                 0           0
/Users/jazzopardi/dev/dw/lib/python3.11/site-packages/airflow/example_dags/example_task_group_decorator.py                                                      0           0
/Users/jazzopardi/dev/dw/lib/python3.11/site-packages/airflow/example_dags/example_complex.py                                                                   0           0
/Users/jazzopardi/dev/dw/lib/python3.11/site-packages/airflow/example_dags/example_python_operator.py                                                           0           0
/Users/jazzopardi/dev/dw/lib/python3.11/site-packages/airflow/example_dags/tutorial_taskflow_api_virtualenv.py                                                  0           0
/Users/jazzopardi/dev/dw/lib/python3.11/site-packages/airflow/example_dags/example_params_trigger_ui.py                                                         0           0
/Users/jazzopardi/dev/dw/lib/python3.11/site-packages/airflow/example_dags/example_external_task_marker_dag.py                                                  0           0
/Users/jazzopardi/dev/dw/lib/python3.11/site-packages/airflow/example_dags/example_bash_operator.py                                                             0           0
/Users/jazzopardi/dev/dw/lib/python3.11/site-packages/airflow/example_dags/example_short_circuit_operator.py                                                    0           0
/Users/jazzopardi/dev/dw/lib/python3.11/site-packages/airflow/example_dags/example_setup_teardown.py                                                            0           0
/Users/jazzopardi/dev/dw/lib/python3.11/site-packages/airflow/example_dags/example_branch_operator.py                                                           0           0
/Users/jazzopardi/dev/dw/lib/python3.11/site-packages/airflow/example_dags/example_branch_labels.py                                                             0           0
/Users/jazzopardi/dev/dw/lib/python3.11/site-packages/airflow/example_dags/tutorial_taskflow_api.py                                                             0           0
/Users/jazzopardi/dev/dw/lib/python3.11/site-packages/airflow/example_dags/example_task_group.py                                                                0           0
/Users/jazzopardi/dev/dw/lib/python3.11/site-packages/airflow/example_dags/tutorial.py                                                                          0           0
/Users/jazzopardi/dev/dw/lib/python3.11/site-packages/airflow/example_dags/example_sla_dag.py                                                                   0           0
/Users/jazzopardi/dev/dw/lib/python3.11/site-packages/airflow/example_dags/example_passing_params_via_test_command.py                                           0           0
/Users/jazzopardi/dev/dw/lib/python3.11/site-packages/airflow/example_dags/example_latest_only_with_trigger.py                                                  0           0
/Users/jazzopardi/dev/dw/lib/python3.11/site-packages/airflow/example_dags/example_time_delta_sensor_async.py                                                   0           0
/Users/jazzopardi/dev/dw/lib/python3.11/site-packages/airflow/example_dags/example_dag_decorator.py                                                             0           0
/Users/jazzopardi/dev/dw/lib/python3.11/site-packages/airflow/example_dags/example_xcom.py                                                                      0           0
/Users/jazzopardi/dev/dw/lib/python3.11/site-packages/airflow/example_dags/example_xcomargs.py                                                                  0           0
/Users/jazzopardi/dev/dw/lib/python3.11/site-packages/airflow/example_dags/example_branch_operator_decorator.py                                                 0           0
/Users/jazzopardi/dev/dw/lib/python3.11/site-packages/airflow/example_dags/example_branch_day_of_week_operator.py                                               0           0
/Users/jazzopardi/dev/dw/lib/python3.11/site-packages/airflow/example_dags/example_skip_dag.py                                                                  0           0
/Users/jazzopardi/dev/dw/lib/python3.11/site-packages/airflow/example_dags/example_short_circuit_decorator.py                                                   0           0
/Users/jazzopardi/dev/dw/lib/python3.11/site-packages/airflow/example_dags/example_datasets.py                                                                  0           0
/Users/jazzopardi/dev/dw/lib/python3.11/site-packages/airflow/example_dags/tutorial_dag.py                                                                      0           0
/Users/jazzopardi/dev/dw/lib/python3.11/site-packages/airflow/example_dags/example_trigger_target_dag.py                                                        0           0
/Users/jazzopardi/dev/dw/lib/python3.11/site-packages/airflow/example_dags/example_sensor_decorator.py                                                          0           0
/Users/jazzopardi/dev/dw/lib/python3.11/site-packages/airflow/example_dags/example_kubernetes_executor.py                                                       0           0
/Users/jazzopardi/dev/dw/lib/python3.11/site-packages/airflow/example_dags/example_branch_python_dop_operator_3.py                                              0           0
/Users/jazzopardi/dev/dw/lib/python3.11/site-packages/airflow/example_dags/example_sensors.py                                                                   0           0
/Users/jazzopardi/dev/dw/lib/python3.11/site-packages/airflow/example_dags/example_setup_teardown_taskflow.py                                                   0           0
/Users/jazzopardi/dev/dw/lib/python3.11/site-packages/airflow/example_dags/example_branch_datetime_operator.py                                                  0           0
/Users/jazzopardi/dev/dw/lib/python3.11/site-packages/airflow/example_dags/example_nested_branch_dag.py                                                         0           0
/Users/jazzopardi/dev/dw/lib/python3.11/site-packages/airflow/example_dags/example_subdag_operator.py                                                           0           0
/Users/jazzopardi/dev/dw/lib/python3.11/site-packages/airflow/example_dags/example_dynamic_task_mapping_with_no_taskflow_operators.py                           0           0
/Users/jazzopardi/dev/dw/lib/python3.11/site-packages/airflow/example_dags/example_trigger_controller_dag.py                                                    0           0
/Users/jazzopardi/dev/dw/lib/python3.11/site-packages/airflow/example_dags/example_params_ui_tutorial.py                                                        0           0
/Users/jazzopardi/dev/dw/lib/python3.11/site-packages/airflow/example_dags/example_dynamic_task_mapping.py                                                      0           0
/Users/jazzopardi/dev/dw/lib/python3.11/site-packages/airflow/example_dags/plugins/workday.py                                                                   0           0
/Users/jazzopardi/dev/dw/lib/python3.11/site-packages/airflow/example_dags/plugins/event_listener.py                                                            0           0
/Users/jazzopardi/dev/dw/lib/python3.11/site-packages/airflow/example_dags/plugins/listener_plugin.py                                                           0           0
/Users/jazzopardi/dev/dw/lib/python3.11/site-packages/airflow/example_dags/subdags/subdag.py                                                                    0           0  0.79s           2023-07-30T22:49:51
================================================================================
[2023-07-30T18:50:02.483-0400] {manager.py:470} INFO - Exiting gracefully upon receiving signal 15
